<?xml version="1.0" encoding="UTF-8"?>
<testsuite xmlns:xsi="http://www.w3.org/2001/XMLSchema-instance" xsi:noNamespaceSchemaLocation="https://maven.apache.org/surefire/maven-surefire-plugin/xsd/surefire-test-report-3.0.xsd" version="3.0" name="runner.TestRunner" time="271.537" tests="19" errors="0" skipped="0" failures="0">
  <properties>
[...]
</properties>
  <testcase name="Share BBC link by email" classname="Share link functionality" time="13.777">
    <system-out><![CDATA[
@follow
Scenario: Share BBC link by email       &amp#27;[90m# src/test/resources/features/followOnFaceBook.feature:3&amp#27;[0m
  &amp#27;[32mGiven &amp#27;[0m&amp#27;[32ma user is on the Home page&amp#27;[0m      &amp#27;[90m# step_definitions.SignInSteps.navigateToHomePage()&amp#27;[0m
  &amp#27;[32mAnd &amp#27;[0m&amp#27;[32muser navigate to travel&amp#27;[0m           &amp#27;[90m# step_definitions.FollowOnFaceBookSteps.userClickedOnTravel()&amp#27;[0m
  &amp#27;[32mThen &amp#27;[0m&amp#27;[32muser is in travel page&amp#27;[0m           &amp#27;[90m# step_definitions.FollowOnFaceBookSteps.validateUserIsInTravelPage()&amp#27;[0m
  &amp#27;[32mWhen &amp#27;[0m&amp#27;[32muser navigate to more&amp#27;[0m            &amp#27;[90m# step_definitions.FollowOnFaceBookSteps.clickOnMore()&amp#27;[0m
  &amp#27;[32mAnd &amp#27;[0m&amp#27;[32muser click on faceBook icon&amp#27;[0m       &amp#27;[90m# step_definitions.FollowOnFaceBookSteps.clickOnFaceBookIcon()&amp#27;[0m
  &amp#27;[32mAnd &amp#27;[0m&amp#27;[32muser is in new window&amp#27;[0m             &amp#27;[90m# step_definitions.FollowOnFaceBookSteps.userInNewWindow()&amp#27;[0m
  &amp#27;[32mThen &amp#27;[0m&amp#27;[32muser navigated to Face Book page&amp#27;[0m &amp#27;[90m# step_definitions.FollowOnFaceBookSteps.validateUserOnFaceBookPage()&amp#27;[0m
]]></system-out>
    <system-err><![CDATA[SLF4J: Failed to load class "org.slf4j.impl.StaticLoggerBinder".
SLF4J: Defaulting to no-operation (NOP) logger implementation
SLF4J: See http://www.slf4j.org/codes.html#StaticLoggerBinder for further details.
Starting ChromeDriver 93.0.4577.63 (ff5c0da2ec0adeaed5550e6c7e98417dac77d98a-refs/branch-heads/4577@{#1135}) on port 31389
Only local connections are allowed.
Please see https://chromedriver.chromium.org/security-considerations for suggestions on keeping ChromeDriver safe.
ChromeDriver was started successfully.
Sep 26, 2021 3:12:06 PM org.openqa.selenium.remote.ProtocolHandshake createSession
INFO: Detected dialect: W3C
]]></system-err>
  </testcase>
  <testcase name="Check BBC Logo returns to home page from news page" classname="BBC logo functionality" time="7.957">
    <system-out><![CDATA[
@news
Scenario: Check BBC Logo returns to home page from news page &amp#27;[90m# src/test/resources/features/homePageByBBCLogo.feature:7&amp#27;[0m
  &amp#27;[32mGiven &amp#27;[0m&amp#27;[32ma user is on the Home page&amp#27;[0m                           &amp#27;[90m# step_definitions.SignInSteps.navigateToHomePage()&amp#27;[0m
  &amp#27;[32mWhen &amp#27;[0m&amp#27;[32muser navigate to news page&amp#27;[0m                            &amp#27;[90m# step_definitions.HomePageByBBCLogo.navigateToNewsPage()&amp#27;[0m
  &amp#27;[32mThen &amp#27;[0m&amp#27;[32muser on news page&amp#27;[0m                                     &amp#27;[90m# step_definitions.HomePageByBBCLogo.validateUserOnNewsPage()&amp#27;[0m
  &amp#27;[32mAnd &amp#27;[0m&amp#27;[32muser click on BBC Logo&amp#27;[0m                                 &amp#27;[90m# step_definitions.HomePageByBBCLogo.clickOnBBCLogo()&amp#27;[0m
  &amp#27;[32mThen &amp#27;[0m&amp#27;[32muser click on BBC Logo from NEWS page&amp#27;[0m                 &amp#27;[90m# step_definitions.HomePageByBBCLogo.clickOnBBCLogoFromNewsPage()&amp#27;[0m
]]></system-out>
    <system-err><![CDATA[Starting ChromeDriver 93.0.4577.63 (ff5c0da2ec0adeaed5550e6c7e98417dac77d98a-refs/branch-heads/4577@{#1135}) on port 26962
Only local connections are allowed.
Please see https://chromedriver.chromium.org/security-considerations for suggestions on keeping ChromeDriver safe.
ChromeDriver was started successfully.
Sep 26, 2021 3:12:18 PM org.openqa.selenium.remote.ProtocolHandshake createSession
INFO: Detected dialect: W3C
]]></system-err>
  </testcase>
  <testcase name="Check BBC Logo returns to home page from Sport page" classname="BBC logo functionality" time="8.139">
    <system-out><![CDATA[
@sport
Scenario: Check BBC Logo returns to home page from Sport page &amp#27;[90m# src/test/resources/features/homePageByBBCLogo.feature:14&amp#27;[0m
  &amp#27;[32mGiven &amp#27;[0m&amp#27;[32ma user is on the Home page&amp#27;[0m                            &amp#27;[90m# step_definitions.SignInSteps.navigateToHomePage()&amp#27;[0m
  &amp#27;[32mWhen &amp#27;[0m&amp#27;[32muser navigate to Sport page&amp#27;[0m                            &amp#27;[90m# step_definitions.HomePageByBBCLogo.navigateToSportPage()&amp#27;[0m
  &amp#27;[32mThen &amp#27;[0m&amp#27;[32muser on sport page&amp#27;[0m                                     &amp#27;[90m# step_definitions.HomePageByBBCLogo.validateUserOnSportPage()&amp#27;[0m
  &amp#27;[32mAnd &amp#27;[0m&amp#27;[32muser click on BBC Logo&amp#27;[0m                                  &amp#27;[90m# step_definitions.HomePageByBBCLogo.clickOnBBCLogo()&amp#27;[0m
  &amp#27;[32mThen &amp#27;[0m&amp#27;[32muser click on BBC Logo from SPORT page&amp#27;[0m                 &amp#27;[90m# step_definitions.HomePageByBBCLogo.clickOnBBCLogoFromSportPage()&amp#27;[0m
]]></system-out>
    <system-err><![CDATA[Starting ChromeDriver 93.0.4577.63 (ff5c0da2ec0adeaed5550e6c7e98417dac77d98a-refs/branch-heads/4577@{#1135}) on port 46372
Only local connections are allowed.
Please see https://chromedriver.chromium.org/security-considerations for suggestions on keeping ChromeDriver safe.
ChromeDriver was started successfully.
Sep 26, 2021 3:12:26 PM org.openqa.selenium.remote.ProtocolHandshake createSession
INFO: Detected dialect: W3C
]]></system-err>
  </testcase>
  <testcase name="Check BBC Logo returns to home page from Travel page" classname="BBC logo functionality" time="8.742">
    <system-out><![CDATA[
@travel
Scenario: Check BBC Logo returns to home page from Travel page &amp#27;[90m# src/test/resources/features/homePageByBBCLogo.feature:21&amp#27;[0m
  &amp#27;[32mGiven &amp#27;[0m&amp#27;[32ma user is on the Home page&amp#27;[0m                             &amp#27;[90m# step_definitions.SignInSteps.navigateToHomePage()&amp#27;[0m
  &amp#27;[32mWhen &amp#27;[0m&amp#27;[32muser navigate to Travel page&amp#27;[0m                            &amp#27;[90m# step_definitions.HomePageByBBCLogo.navigateToTravelPage()&amp#27;[0m
  &amp#27;[32mThen &amp#27;[0m&amp#27;[32muser on travel page&amp#27;[0m                                     &amp#27;[90m# step_definitions.HomePageByBBCLogo.validateUserOnTravelPage()&amp#27;[0m
  &amp#27;[32mAnd &amp#27;[0m&amp#27;[32muser click on BBC Logo&amp#27;[0m                                   &amp#27;[90m# step_definitions.HomePageByBBCLogo.clickOnBBCLogo()&amp#27;[0m
  &amp#27;[32mThen &amp#27;[0m&amp#27;[32muser click on BBC Logo from TRAVEL page&amp#27;[0m                 &amp#27;[90m# step_definitions.HomePageByBBCLogo.clickOnBBCLogoFromTravelPage()&amp#27;[0m
]]></system-out>
    <system-err><![CDATA[Starting ChromeDriver 93.0.4577.63 (ff5c0da2ec0adeaed5550e6c7e98417dac77d98a-refs/branch-heads/4577@{#1135}) on port 36766
Only local connections are allowed.
Please see https://chromedriver.chromium.org/security-considerations for suggestions on keeping ChromeDriver safe.
ChromeDriver was started successfully.
Sep 26, 2021 3:12:34 PM org.openqa.selenium.remote.ProtocolHandshake createSession
INFO: Detected dialect: W3C
]]></system-err>
  </testcase>
  <testcase name="Check BBC Logo returns to home page from Future page" classname="BBC logo functionality" time="13.539">
    <system-out><![CDATA[
@future
Scenario: Check BBC Logo returns to home page from Future page &amp#27;[90m# src/test/resources/features/homePageByBBCLogo.feature:28&amp#27;[0m
  &amp#27;[32mGiven &amp#27;[0m&amp#27;[32ma user is on the Home page&amp#27;[0m                             &amp#27;[90m# step_definitions.SignInSteps.navigateToHomePage()&amp#27;[0m
  &amp#27;[32mWhen &amp#27;[0m&amp#27;[32muser navigate to Future page&amp#27;[0m                            &amp#27;[90m# step_definitions.HomePageByBBCLogo.navigateToFuturePage()&amp#27;[0m
  &amp#27;[32mThen &amp#27;[0m&amp#27;[32muser on future page&amp#27;[0m                                     &amp#27;[90m# step_definitions.HomePageByBBCLogo.validateUserOnFuturePage()&amp#27;[0m
  &amp#27;[32mAnd &amp#27;[0m&amp#27;[32muser click on BBC Logo&amp#27;[0m                                   &amp#27;[90m# step_definitions.HomePageByBBCLogo.clickOnBBCLogo()&amp#27;[0m
  &amp#27;[32mThen &amp#27;[0m&amp#27;[32muser click on BBC Logo from Future page&amp#27;[0m                 &amp#27;[90m# step_definitions.HomePageByBBCLogo.clickOnBBCLogoFromFuturePage()&amp#27;[0m
]]></system-out>
    <system-err><![CDATA[Starting ChromeDriver 93.0.4577.63 (ff5c0da2ec0adeaed5550e6c7e98417dac77d98a-refs/branch-heads/4577@{#1135}) on port 28631
Only local connections are allowed.
Please see https://chromedriver.chromium.org/security-considerations for suggestions on keeping ChromeDriver safe.
ChromeDriver was started successfully.
Sep 26, 2021 3:12:43 PM org.openqa.selenium.remote.ProtocolHandshake createSession
INFO: Detected dialect: W3C
]]></system-err>
  </testcase>
  <testcase name="Check BBC page directed to Bengali #1" classname="Language conversion service functionality" time="7.361">
    <system-out><![CDATA[
@bengaliLanguage
Scenario: Check BBC page directed to Bengali &amp#27;[90m# src/test/resources/features/language.feature:7&amp#27;[0m
  &amp#27;[32mGiven &amp#27;[0m&amp#27;[32ma user is on the Home page&amp#27;[0m           &amp#27;[90m# step_definitions.SignInSteps.navigateToHomePage()&amp#27;[0m
  &amp#27;[32mWhen &amp#27;[0m&amp#27;[32muser click on Bangla on language&amp#27;[0m      &amp#27;[90m# step_definitions.LanguageSelectionSteps.navigateToBanglaInLanguase()&amp#27;[0m
  &amp#27;[32mThen &amp#27;[0m&amp#27;[32muser on Bengali service page&amp#27;[0m          &amp#27;[90m# step_definitions.LanguageSelectionSteps.validateUserOnBanglaServicePage()&amp#27;[0m
]]></system-out>
    <system-err><![CDATA[Starting ChromeDriver 93.0.4577.63 (ff5c0da2ec0adeaed5550e6c7e98417dac77d98a-refs/branch-heads/4577@{#1135}) on port 4073
Only local connections are allowed.
Please see https://chromedriver.chromium.org/security-considerations for suggestions on keeping ChromeDriver safe.
ChromeDriver was started successfully.
Sep 26, 2021 3:12:56 PM org.openqa.selenium.remote.ProtocolHandshake createSession
INFO: Detected dialect: W3C
]]></system-err>
  </testcase>
  <testcase name="Check BBC page directed to Bengali #2" classname="Language conversion service functionality" time="7.122">
    <system-out><![CDATA[
@hindiLanguage
Scenario: Check BBC page directed to Bengali &amp#27;[90m# src/test/resources/features/language.feature:12&amp#27;[0m
  &amp#27;[32mGiven &amp#27;[0m&amp#27;[32ma user is on the Home page&amp#27;[0m           &amp#27;[90m# step_definitions.SignInSteps.navigateToHomePage()&amp#27;[0m
  &amp#27;[32mWhen &amp#27;[0m&amp#27;[32muser click on Hindi on language&amp#27;[0m       &amp#27;[90m# step_definitions.LanguageSelectionSteps.navigateToHindiInLanguase()&amp#27;[0m
  &amp#27;[32mThen &amp#27;[0m&amp#27;[32muser on Hindi service page&amp#27;[0m            &amp#27;[90m# step_definitions.LanguageSelectionSteps.validateUserOnHindiServicePage()&amp#27;[0m
]]></system-out>
    <system-err><![CDATA[Starting ChromeDriver 93.0.4577.63 (ff5c0da2ec0adeaed5550e6c7e98417dac77d98a-refs/branch-heads/4577@{#1135}) on port 1911
Only local connections are allowed.
Please see https://chromedriver.chromium.org/security-considerations for suggestions on keeping ChromeDriver safe.
ChromeDriver was started successfully.
Sep 26, 2021 3:13:04 PM org.openqa.selenium.remote.ProtocolHandshake createSession
INFO: Detected dialect: W3C
]]></system-err>
  </testcase>
  <testcase name="user play on air features" classname="On Air Functionality" time="29.458">
    <system-out><![CDATA[
@onAir
Scenario: user play on air features   &amp#27;[90m# src/test/resources/features/onAirPlay.feature:3&amp#27;[0m
  &amp#27;[32mGiven &amp#27;[0m&amp#27;[32ma user is on the Home page&amp#27;[0m    &amp#27;[90m# step_definitions.SignInSteps.navigateToHomePage()&amp#27;[0m
  &amp#27;[32mWhen &amp#27;[0m&amp#27;[32muser navigate to on air&amp#27;[0m        &amp#27;[90m# step_definitions.OnAirPlaySteps.navigateToOnAir()&amp#27;[0m
  &amp#27;[32mAnd &amp#27;[0m&amp#27;[32muser play On Air features&amp#27;[0m       &amp#27;[90m# step_definitions.OnAirPlaySteps.clickOnAir()&amp#27;[0m
  &amp#27;[32mThen &amp#27;[0m&amp#27;[32mopen and play on air programme&amp#27;[0m &amp#27;[90m# step_definitions.OnAirPlaySteps.validateUserPlayOnLiveProgramme()&amp#27;[0m
]]></system-out>
    <system-err><![CDATA[Starting ChromeDriver 93.0.4577.63 (ff5c0da2ec0adeaed5550e6c7e98417dac77d98a-refs/branch-heads/4577@{#1135}) on port 21200
Only local connections are allowed.
Please see https://chromedriver.chromium.org/security-considerations for suggestions on keeping ChromeDriver safe.
ChromeDriver was started successfully.
Sep 26, 2021 3:13:11 PM org.openqa.selenium.remote.ProtocolHandshake createSession
INFO: Detected dialect: W3C
]]></system-err>
  </testcase>
  <testcase name="Check search is successful with valid credentials" classname="Search functionalities" time="8.477">
    <system-out><![CDATA[
@search
Scenario: Check search is successful with valid credentials &amp#27;[90m# src/test/resources/features/search.feature:3&amp#27;[0m
  &amp#27;[32mGiven &amp#27;[0m&amp#27;[32ma user is on the Home page&amp#27;[0m                          &amp#27;[90m# step_definitions.SignInSteps.navigateToHomePage()&amp#27;[0m
  &amp#27;[32mWhen &amp#27;[0m&amp#27;[32muser enter text on search&amp#27;[0m                            &amp#27;[90m# step_definitions.SearchSteps.enterTextInSearchOption(io.cucumber.datatable.DataTable)&amp#27;[0m
  &amp#27;[32mAnd &amp#27;[0m&amp#27;[32mclick on search button&amp#27;[0m                                &amp#27;[90m# step_definitions.SearchSteps.userClickOnSearchButton()&amp#27;[0m
  &amp#27;[32mThen &amp#27;[0m&amp#27;[32muser is navigated to result is education&amp#27;[0m             &amp#27;[90m# step_definitions.SearchSteps.validateSearchResultPage()&amp#27;[0m
]]></system-out>
    <system-err><![CDATA[Starting ChromeDriver 93.0.4577.63 (ff5c0da2ec0adeaed5550e6c7e98417dac77d98a-refs/branch-heads/4577@{#1135}) on port 37258
Only local connections are allowed.
Please see https://chromedriver.chromium.org/security-considerations for suggestions on keeping ChromeDriver safe.
ChromeDriver was started successfully.
Sep 26, 2021 3:13:40 PM org.openqa.selenium.remote.ProtocolHandshake createSession
INFO: Detected dialect: W3C
]]></system-err>
  </testcase>
  <testcase name="Check Sign in is successful with valid credentials #1" classname="Test Sign in functionalities" time="9.966">
    <system-out><![CDATA[
@positive_test
Scenario: Check Sign in is successful with valid credentials                 &amp#27;[90m# src/test/resources/features/signIn.feature:8&amp#27;[0m
  &amp#27;[32mGiven &amp#27;[0m&amp#27;[32ma user is on the Home page&amp#27;[0m                                           &amp#27;[90m# step_definitions.SignInSteps.navigateToHomePage()&amp#27;[0m
  &amp#27;[32mAnd &amp#27;[0m&amp#27;[32muser navigate to Sign in page&amp#27;[0m                                          &amp#27;[90m# step_definitions.SignInSteps.navigateToSignInPage()&amp#27;[0m
15:13:55.275 [main] INFO  page_object.SignIn - User entered credentials
  &amp#27;[32mWhen &amp#27;[0m&amp#27;[32muser enters userEmail "&amp#27;[0m&amp#27;[32m&amp#27;[1mmirmrhaman@gmail.com&amp#27;[0m&amp#27;[32m" and password "&amp#27;[0m&amp#27;[32m&amp#27;[1mm12345678&amp#27;[0m&amp#27;[32m"&amp#27;[0m &amp#27;[90m# step_definitions.SignInSteps.enterUserCredentials(java.lang.String,java.lang.String)&amp#27;[0m
  &amp#27;[32mAnd &amp#27;[0m&amp#27;[32mclick on signIn button&amp#27;[0m                                                 &amp#27;[90m# step_definitions.SignInSteps.clickOnSignInButton()&amp#27;[0m
15:13:57.195 [main] INFO  page_object.SignIn - User is in user home page
  &amp#27;[32mThen &amp#27;[0m&amp#27;[32muser is navigated to user home page&amp#27;[0m                                   &amp#27;[90m# step_definitions.SignInSteps.validateUserIsSignInSuccessfully()&amp#27;[0m
]]></system-out>
    <system-err><![CDATA[Starting ChromeDriver 93.0.4577.63 (ff5c0da2ec0adeaed5550e6c7e98417dac77d98a-refs/branch-heads/4577@{#1135}) on port 8368
Only local connections are allowed.
Please see https://chromedriver.chromium.org/security-considerations for suggestions on keeping ChromeDriver safe.
ChromeDriver was started successfully.
Sep 26, 2021 3:13:49 PM org.openqa.selenium.remote.ProtocolHandshake createSession
INFO: Detected dialect: W3C
]]></system-err>
  </testcase>
  <testcase name="Check Sign in is successful with valid credentials #2" classname="Test Sign in functionalities" time="10.048">
    <system-out><![CDATA[
@dataDriven_test
Scenario Outline: Check Sign in is successful with valid credentials         &amp#27;[90m# src/test/resources/features/signIn.feature:21&amp#27;[0m
  &amp#27;[32mGiven &amp#27;[0m&amp#27;[32ma user is on the Home page&amp#27;[0m                                           &amp#27;[90m# step_definitions.SignInSteps.navigateToHomePage()&amp#27;[0m
  &amp#27;[32mAnd &amp#27;[0m&amp#27;[32muser navigate to Sign in page&amp#27;[0m                                          &amp#27;[90m# step_definitions.SignInSteps.navigateToSignInPage()&amp#27;[0m
15:14:05.464 [main] INFO  page_object.SignIn - User entered credentials
  &amp#27;[32mWhen &amp#27;[0m&amp#27;[32muser enters userEmail "&amp#27;[0m&amp#27;[32m&amp#27;[1mmirmrhaman@gmail.com&amp#27;[0m&amp#27;[32m" and password "&amp#27;[0m&amp#27;[32m&amp#27;[1mm12345678&amp#27;[0m&amp#27;[32m"&amp#27;[0m &amp#27;[90m# step_definitions.SignInSteps.enterUserCredentials(java.lang.String,java.lang.String)&amp#27;[0m
  &amp#27;[32mAnd &amp#27;[0m&amp#27;[32mclick on signIn button&amp#27;[0m                                                 &amp#27;[90m# step_definitions.SignInSteps.clickOnSignInButton()&amp#27;[0m
15:14:07.264 [main] INFO  page_object.SignIn - User is in user home page
  &amp#27;[32mThen &amp#27;[0m&amp#27;[32muser is navigated to user home page&amp#27;[0m                                   &amp#27;[90m# step_definitions.SignInSteps.validateUserIsSignInSuccessfully()&amp#27;[0m
]]></system-out>
    <system-err><![CDATA[Starting ChromeDriver 93.0.4577.63 (ff5c0da2ec0adeaed5550e6c7e98417dac77d98a-refs/branch-heads/4577@{#1135}) on port 10032
Only local connections are allowed.
Please see https://chromedriver.chromium.org/security-considerations for suggestions on keeping ChromeDriver safe.
ChromeDriver was started successfully.
Sep 26, 2021 3:13:59 PM org.openqa.selenium.remote.ProtocolHandshake createSession
INFO: Detected dialect: W3C
]]></system-err>
  </testcase>
  <testcase name="Check Sign in is successful with valid credentials #3" classname="Test Sign in functionalities" time="9.909">
    <system-out><![CDATA[
@dataDriven_test
Scenario Outline: Check Sign in is successful with valid credentials     &amp#27;[90m# src/test/resources/features/signIn.feature:22&amp#27;[0m
  &amp#27;[32mGiven &amp#27;[0m&amp#27;[32ma user is on the Home page&amp#27;[0m                                       &amp#27;[90m# step_definitions.SignInSteps.navigateToHomePage()&amp#27;[0m
  &amp#27;[32mAnd &amp#27;[0m&amp#27;[32muser navigate to Sign in page&amp#27;[0m                                      &amp#27;[90m# step_definitions.SignInSteps.navigateToSignInPage()&amp#27;[0m
15:14:15.208 [main] INFO  page_object.SignIn - User entered credentials
  &amp#27;[32mWhen &amp#27;[0m&amp#27;[32muser enters userEmail "&amp#27;[0m&amp#27;[32m&amp#27;[1mjimyraj@gmail.com&amp#27;[0m&amp#27;[32m" and password "&amp#27;[0m&amp#27;[32m&amp#27;[1mJimy@123&amp#27;[0m&amp#27;[32m"&amp#27;[0m &amp#27;[90m# step_definitions.SignInSteps.enterUserCredentials(java.lang.String,java.lang.String)&amp#27;[0m
  &amp#27;[32mAnd &amp#27;[0m&amp#27;[32mclick on signIn button&amp#27;[0m                                             &amp#27;[90m# step_definitions.SignInSteps.clickOnSignInButton()&amp#27;[0m
15:14:17.130 [main] INFO  page_object.SignIn - User is in user home page
  &amp#27;[32mThen &amp#27;[0m&amp#27;[32muser is navigated to user home page&amp#27;[0m                               &amp#27;[90m# step_definitions.SignInSteps.validateUserIsSignInSuccessfully()&amp#27;[0m
]]></system-out>
    <system-err><![CDATA[Starting ChromeDriver 93.0.4577.63 (ff5c0da2ec0adeaed5550e6c7e98417dac77d98a-refs/branch-heads/4577@{#1135}) on port 37384
Only local connections are allowed.
Please see https://chromedriver.chromium.org/security-considerations for suggestions on keeping ChromeDriver safe.
ChromeDriver was started successfully.
Sep 26, 2021 3:14:09 PM org.openqa.selenium.remote.ProtocolHandshake createSession
INFO: Detected dialect: W3C
]]></system-err>
  </testcase>
  <testcase name="Check Sign in is not successful with invalid credentials #1" classname="Test Sign in functionalities" time="8.691">
    <system-out><![CDATA[
@negative_test
Scenario: Check Sign in is not successful with invalid credentials       &amp#27;[90m# src/test/resources/features/signIn.feature:25&amp#27;[0m
  &amp#27;[32mGiven &amp#27;[0m&amp#27;[32ma user is on the Home page&amp#27;[0m                                       &amp#27;[90m# step_definitions.SignInSteps.navigateToHomePage()&amp#27;[0m
  &amp#27;[32mAnd &amp#27;[0m&amp#27;[32muser navigate to Sign in page&amp#27;[0m                                      &amp#27;[90m# step_definitions.SignInSteps.navigateToSignInPage()&amp#27;[0m
15:14:25.178 [main] INFO  page_object.SignIn - User entered credentials
  &amp#27;[32mWhen &amp#27;[0m&amp#27;[32muser enters userEmail "&amp#27;[0m&amp#27;[32m&amp#27;[1mjimyraj@gmail.com&amp#27;[0m&amp#27;[32m" and password "&amp#27;[0m&amp#27;[32m&amp#27;[1mJimy@000&amp#27;[0m&amp#27;[32m"&amp#27;[0m &amp#27;[90m# step_definitions.SignInSteps.enterUserCredentials(java.lang.String,java.lang.String)&amp#27;[0m
  &amp#27;[32mAnd &amp#27;[0m&amp#27;[32mclick on signIn button&amp#27;[0m                                             &amp#27;[90m# step_definitions.SignInSteps.clickOnSignInButton()&amp#27;[0m
15:14:25.834 [main] INFO  page_object.SignIn - User is still in the sign in page
  &amp#27;[32mThen &amp#27;[0m&amp#27;[32muser is failed to login with wrong password&amp#27;[0m                       &amp#27;[90m# step_definitions.SignInSteps.validateUserIsFailedToSignInPassword()&amp#27;[0m
]]></system-out>
    <system-err><![CDATA[Starting ChromeDriver 93.0.4577.63 (ff5c0da2ec0adeaed5550e6c7e98417dac77d98a-refs/branch-heads/4577@{#1135}) on port 38163
Only local connections are allowed.
Please see https://chromedriver.chromium.org/security-considerations for suggestions on keeping ChromeDriver safe.
ChromeDriver was started successfully.
Sep 26, 2021 3:14:19 PM org.openqa.selenium.remote.ProtocolHandshake createSession
INFO: Detected dialect: W3C
]]></system-err>
  </testcase>
  <testcase name="Check Sign in is not successful with invalid credentials #2" classname="Test Sign in functionalities" time="8.579">
    <system-out><![CDATA[
@negative_test
Scenario: Check Sign in is not successful with invalid credentials        &amp#27;[90m# src/test/resources/features/signIn.feature:31&amp#27;[0m
  &amp#27;[32mGiven &amp#27;[0m&amp#27;[32ma user is on the Home page&amp#27;[0m                                        &amp#27;[90m# step_definitions.SignInSteps.navigateToHomePage()&amp#27;[0m
  &amp#27;[32mAnd &amp#27;[0m&amp#27;[32muser navigate to Sign in page&amp#27;[0m                                       &amp#27;[90m# step_definitions.SignInSteps.navigateToSignInPage()&amp#27;[0m
15:14:33.855 [main] INFO  page_object.SignIn - User entered credentials
  &amp#27;[32mWhen &amp#27;[0m&amp#27;[32muser enters userEmail "&amp#27;[0m&amp#27;[32m&amp#27;[1mjimyraj@gmail.came&amp#27;[0m&amp#27;[32m" and password "&amp#27;[0m&amp#27;[32m&amp#27;[1mJimy@123&amp#27;[0m&amp#27;[32m"&amp#27;[0m &amp#27;[90m# step_definitions.SignInSteps.enterUserCredentials(java.lang.String,java.lang.String)&amp#27;[0m
  &amp#27;[32mAnd &amp#27;[0m&amp#27;[32mclick on signIn button&amp#27;[0m                                              &amp#27;[90m# step_definitions.SignInSteps.clickOnSignInButton()&amp#27;[0m
15:14:34.455 [main] INFO  page_object.SignIn - User is still in the sign in page
  &amp#27;[32mThen &amp#27;[0m&amp#27;[32muser is failed to login with wrong Email&amp#27;[0m                           &amp#27;[90m# step_definitions.SignInSteps.validateUserIsFailedToSignInEmail()&amp#27;[0m
]]></system-out>
    <system-err><![CDATA[Starting ChromeDriver 93.0.4577.63 (ff5c0da2ec0adeaed5550e6c7e98417dac77d98a-refs/branch-heads/4577@{#1135}) on port 30078
Only local connections are allowed.
Please see https://chromedriver.chromium.org/security-considerations for suggestions on keeping ChromeDriver safe.
ChromeDriver was started successfully.
Sep 26, 2021 3:14:27 PM org.openqa.selenium.remote.ProtocolHandshake createSession
INFO: Detected dialect: W3C
]]></system-err>
  </testcase>
  <testcase name="Check Sign in is successful with valid credentials using data table" classname="Test Sign in functionalities" time="9.87">
    <system-out><![CDATA[
@dataDriven_test
Scenario: Check Sign in is successful with valid credentials using data table &amp#27;[90m# src/test/resources/features/signIn.feature:37&amp#27;[0m
  &amp#27;[32mGiven &amp#27;[0m&amp#27;[32ma user is on the Home page&amp#27;[0m                                            &amp#27;[90m# step_definitions.SignInSteps.navigateToHomePage()&amp#27;[0m
  &amp#27;[32mAnd &amp#27;[0m&amp#27;[32muser navigate to Sign in page&amp#27;[0m                                           &amp#27;[90m# step_definitions.SignInSteps.navigateToSignInPage()&amp#27;[0m
15:14:44.117 [main] INFO  page_object.SignIn - user has clicked on sign in button
  &amp#27;[32mWhen &amp#27;[0m&amp#27;[32muser click on Sign in button entering credentials&amp#27;[0m                      &amp#27;[90m# step_definitions.SignInSteps.userClickOnSignInButtonEnteringCredentials(io.cucumber.datatable.DataTable)&amp#27;[0m
15:14:44.313 [main] INFO  page_object.SignIn - User is in user home page
  &amp#27;[32mThen &amp#27;[0m&amp#27;[32muser is navigated to user home page&amp#27;[0m                                    &amp#27;[90m# step_definitions.SignInSteps.validateUserIsSignInSuccessfully()&amp#27;[0m
]]></system-out>
    <system-err><![CDATA[Starting ChromeDriver 93.0.4577.63 (ff5c0da2ec0adeaed5550e6c7e98417dac77d98a-refs/branch-heads/4577@{#1135}) on port 48693
Only local connections are allowed.
Please see https://chromedriver.chromium.org/security-considerations for suggestions on keeping ChromeDriver safe.
ChromeDriver was started successfully.
Sep 26, 2021 3:14:36 PM org.openqa.selenium.remote.ProtocolHandshake createSession
INFO: Detected dialect: W3C
]]></system-err>
  </testcase>
  <testcase name="Check sign in followed by sign out successful with valid credentials" classname="Test Sign out functionalities" time="14.393">
    <system-out><![CDATA[
@signOut
Scenario: Check sign in followed by sign out successful with valid credentials &amp#27;[90m# src/test/resources/features/signOut.feature:7&amp#27;[0m
  &amp#27;[32mGiven &amp#27;[0m&amp#27;[32ma user is on the Home page&amp#27;[0m                                             &amp#27;[90m# step_definitions.SignInSteps.navigateToHomePage()&amp#27;[0m
  &amp#27;[32mAnd &amp#27;[0m&amp#27;[32muser navigate to Sign in page&amp#27;[0m                                            &amp#27;[90m# step_definitions.SignInSteps.navigateToSignInPage()&amp#27;[0m
15:14:52.478 [main] INFO  page_object.SignIn - User entered credentials
  &amp#27;[32mWhen &amp#27;[0m&amp#27;[32muser enters userEmail "&amp#27;[0m&amp#27;[32m&amp#27;[1mmirmrhaman@gmail.com&amp#27;[0m&amp#27;[32m" and password "&amp#27;[0m&amp#27;[32m&amp#27;[1mm12345678&amp#27;[0m&amp#27;[32m"&amp#27;[0m   &amp#27;[90m# step_definitions.SignInSteps.enterUserCredentials(java.lang.String,java.lang.String)&amp#27;[0m
  &amp#27;[32mAnd &amp#27;[0m&amp#27;[32mclick on signIn button&amp#27;[0m                                                   &amp#27;[90m# step_definitions.SignInSteps.clickOnSignInButton()&amp#27;[0m
  &amp#27;[32mWhen &amp#27;[0m&amp#27;[32muser is navigated to profile home page&amp#27;[0m                                  &amp#27;[90m# step_definitions.SignOutSteps.validateUserIsSignInSuccessfully()&amp#27;[0m
  &amp#27;[32mAnd &amp#27;[0m&amp#27;[32mclick on profile name&amp#27;[0m                                                    &amp#27;[90m# step_definitions.SignOutSteps.clickOnProfileName()&amp#27;[0m
  &amp#27;[32mWhen &amp#27;[0m&amp#27;[32muser on sign out page&amp#27;[0m                                                   &amp#27;[90m# step_definitions.SignOutSteps.userOnSignOutPage()&amp#27;[0m
  &amp#27;[32mAnd &amp#27;[0m&amp#27;[32mclick on sign out&amp#27;[0m                                                        &amp#27;[90m# step_definitions.SignOutSteps.clickOnSignOut()&amp#27;[0m
  &amp#27;[32mThen &amp#27;[0m&amp#27;[32muser get a confirmation sign out message&amp#27;[0m                                &amp#27;[90m# step_definitions.SignOutSteps.validateUserIsSignOutSuccessfully()&amp#27;[0m
]]></system-out>
    <system-err><![CDATA[Starting ChromeDriver 93.0.4577.63 (ff5c0da2ec0adeaed5550e6c7e98417dac77d98a-refs/branch-heads/4577@{#1135}) on port 24947
Only local connections are allowed.
Please see https://chromedriver.chromium.org/security-considerations for suggestions on keeping ChromeDriver safe.
ChromeDriver was started successfully.
Sep 26, 2021 3:14:46 PM org.openqa.selenium.remote.ProtocolHandshake createSession
INFO: Detected dialect: W3C
]]></system-err>
  </testcase>
  <testcase name="user play a radio" classname="Sounds functionality" time="28.65">
    <system-out><![CDATA[
@sound
Scenario: user play a radio              &amp#27;[90m# src/test/resources/features/sound.feature:6&amp#27;[0m
  &amp#27;[32mGiven &amp#27;[0m&amp#27;[32ma user is on the Home page&amp#27;[0m       &amp#27;[90m# step_definitions.SignInSteps.navigateToHomePage()&amp#27;[0m
  &amp#27;[32mGiven &amp#27;[0m&amp#27;[32ma user is on the Home page&amp#27;[0m       &amp#27;[90m# step_definitions.SignInSteps.navigateToHomePage()&amp#27;[0m
  &amp#27;[32mWhen &amp#27;[0m&amp#27;[32muser navigate to sounds&amp#27;[0m           &amp#27;[90m# step_definitions.SoundsSteps.navigateToSoundButton()&amp#27;[0m
  &amp#27;[32mThen &amp#27;[0m&amp#27;[32muser is on the sounds page&amp#27;[0m        &amp#27;[90m# step_definitions.SoundsSteps.validateUserEnterInSoundPageSuccessfully()&amp#27;[0m
  &amp#27;[32mAnd &amp#27;[0m&amp#27;[32muser navigate and play Radio Relax&amp#27;[0m &amp#27;[90m# step_definitions.SoundsSteps.playRadioRelax()&amp#27;[0m
  &amp#27;[32mThen &amp#27;[0m&amp#27;[32mRadio relax played&amp#27;[0m                &amp#27;[90m# step_definitions.SoundsSteps.validateRadioRelaxPlayedSuccessfully()&amp#27;[0m
]]></system-out>
    <system-err><![CDATA[Starting ChromeDriver 93.0.4577.63 (ff5c0da2ec0adeaed5550e6c7e98417dac77d98a-refs/branch-heads/4577@{#1135}) on port 34080
Only local connections are allowed.
Please see https://chromedriver.chromium.org/security-considerations for suggestions on keeping ChromeDriver safe.
ChromeDriver was started successfully.
Sep 26, 2021 3:15:00 PM org.openqa.selenium.remote.ProtocolHandshake createSession
INFO: Detected dialect: W3C
]]></system-err>
  </testcase>
  <testcase name="Select and play a video from Featured video" classname="TV functionality" time="56.272">
    <system-out><![CDATA[
@tv
Scenario: Select and play a video from Featured video &amp#27;[90m# src/test/resources/features/tv.feature:8&amp#27;[0m
  &amp#27;[32mGiven &amp#27;[0m&amp#27;[32ma user is on the Home page&amp#27;[0m                    &amp#27;[90m# step_definitions.SignInSteps.navigateToHomePage()&amp#27;[0m
  &amp#27;[32mWhen &amp#27;[0m&amp#27;[32muser navigate to featured video&amp#27;[0m                &amp#27;[90m# step_definitions.TvSteps.navigateToFeaturedVideo()&amp#27;[0m
  &amp#27;[32mAnd &amp#27;[0m&amp#27;[32muser play feature video and wait a moment&amp#27;[0m       &amp#27;[90m# step_definitions.TvSteps.playFeatureVideo()&amp#27;[0m
  &amp#27;[32mThen &amp#27;[0m&amp#27;[32mUser played featured video from home page&amp#27;[0m      &amp#27;[90m# step_definitions.TvSteps.validateUserPlayedFeatureVideoSuccessfully()&amp#27;[0m
]]></system-out>
    <system-err><![CDATA[Starting ChromeDriver 93.0.4577.63 (ff5c0da2ec0adeaed5550e6c7e98417dac77d98a-refs/branch-heads/4577@{#1135}) on port 15459
Only local connections are allowed.
Please see https://chromedriver.chromium.org/security-considerations for suggestions on keeping ChromeDriver safe.
ChromeDriver was started successfully.
Sep 26, 2021 3:15:29 PM org.openqa.selenium.remote.ProtocolHandshake createSession
INFO: Detected dialect: W3C
]]></system-err>
  </testcase>
  <testcase name="user can edit weather broadcast" classname="Weather functionality" time="10.46">
    <system-out><![CDATA[
@weather
Scenario: user can edit weather broadcast   &amp#27;[90m# src/test/resources/features/weather.feature:7&amp#27;[0m
  &amp#27;[32mGiven &amp#27;[0m&amp#27;[32ma user is on the Home page&amp#27;[0m          &amp#27;[90m# step_definitions.SignInSteps.navigateToHomePage()&amp#27;[0m
  &amp#27;[32mAnd &amp#27;[0m&amp#27;[32muser navigate to edit in weather&amp#27;[0m      &amp#27;[90m# step_definitions.WeatherEditSteps.navigateToEditWeather()&amp#27;[0m
  &amp#27;[32mWhen &amp#27;[0m&amp#27;[32muser enter location and click&amp#27;[0m        &amp#27;[90m# step_definitions.WeatherEditSteps.enterCityInEditOption(io.cucumber.datatable.DataTable)&amp#27;[0m
  &amp#27;[32mThen &amp#27;[0m&amp#27;[32muser find result location options&amp#27;[0m    &amp#27;[90m# step_definitions.WeatherEditSteps.validateUserFindNamesOfLocations()&amp#27;[0m
  &amp#27;[32mAnd &amp#27;[0m&amp#27;[32muser click on New York, United States&amp#27;[0m &amp#27;[90m# step_definitions.WeatherEditSteps.clickOnNewYork()&amp#27;[0m
  &amp#27;[32mThen &amp#27;[0m&amp#27;[32muser is on New York weather&amp#27;[0m          &amp#27;[90m# step_definitions.WeatherEditSteps.validateUserSelectedWeatherSuccessfully()&amp#27;[0m
]]></system-out>
    <system-err><![CDATA[Starting ChromeDriver 93.0.4577.63 (ff5c0da2ec0adeaed5550e6c7e98417dac77d98a-refs/branch-heads/4577@{#1135}) on port 42538
Only local connections are allowed.
Please see https://chromedriver.chromium.org/security-considerations for suggestions on keeping ChromeDriver safe.
ChromeDriver was started successfully.
Sep 26, 2021 3:16:25 PM org.openqa.selenium.remote.ProtocolHandshake createSession
INFO: Detected dialect: W3C
]]></system-err>
  </testcase>
</testsuite>